<?xml version="1.0" encoding="UTF-8"?>
<testng-results skipped="0" failed="0" ignored="0" total="1" passed="1">
  <reporter-output>
  </reporter-output>
  <suite name="Default suite" duration-ms="4751" started-at="2022-05-27T17:10:32 CDT" finished-at="2022-05-27T17:10:37 CDT">
    <groups>
    </groups>
    <test name="Default test" duration-ms="4751" started-at="2022-05-27T17:10:32 CDT" finished-at="2022-05-27T17:10:37 CDT">
      <class name="test.LoginTest">
        <test-method status="PASS" signature="valiUserShouldBeAbleToLogin()[pri:0, instance:test.LoginTest@1d29cf23]" name="valiUserShouldBeAbleToLogin" duration-ms="4725" started-at="2022-05-27T17:10:32 CDT" finished-at="2022-05-27T17:10:37 CDT">
          <reporter-output>
          </reporter-output>
        </test-method> <!-- valiUserShouldBeAbleToLogin -->
      </class> <!-- test.LoginTest -->
    </test> <!-- Default test -->
  </suite> <!-- Default suite -->
</testng-results>
